  Source.cpp
C:\Users\hp\source\repos\Blod bank system\Blod bank system\Source.cpp(184,16): warning C4129: 'R': unrecognized character escape sequence
C:\Users\hp\source\repos\Blod bank system\Blod bank system\Source.cpp(185,16): warning C4129: 'T': unrecognized character escape sequence
C:\Users\hp\source\repos\Blod bank system\Blod bank system\Source.cpp(186,16): warning C4129: ' ': unrecognized character escape sequence
C:\Users\hp\source\repos\Blod bank system\Blod bank system\Source.cpp(191,17): warning C4129: ' ': unrecognized character escape sequence
C:\Users\hp\source\repos\Blod bank system\Blod bank system\Source.cpp(192,17): warning C4129: ' ': unrecognized character escape sequence
C:\Users\hp\source\repos\Blod bank system\Blod bank system\Source.cpp(193,17): warning C4129: ' ': unrecognized character escape sequence
C:\Users\hp\source\repos\Blod bank system\Blod bank system\Source.cpp(201,18): warning C4129: ' ': unrecognized character escape sequence
C:\Users\hp\source\repos\Blod bank system\Blod bank system\Source.cpp(203,18): warning C4129: ' ': unrecognized character escape sequence
C:\Users\hp\source\repos\Blod bank system\Blod bank system\Source.cpp(209,20): warning C4129: 's': unrecognized character escape sequence
C:\Users\hp\source\repos\Blod bank system\Blod bank system\Source.cpp(210,19): warning C4129: ' ': unrecognized character escape sequence
C:\Users\hp\source\repos\Blod bank system\Blod bank system\Source.cpp(211,19): warning C4129: ' ': unrecognized character escape sequence
C:\Users\hp\source\repos\Blod bank system\Blod bank system\Source.cpp(260,17): warning C4129: ' ': unrecognized character escape sequence
C:\Users\hp\source\repos\Blod bank system\Blod bank system\Source.cpp(261,17): warning C4129: ' ': unrecognized character escape sequence
C:\Users\hp\source\repos\Blod bank system\Blod bank system\Source.cpp(262,17): warning C4129: ' ': unrecognized character escape sequence
C:\Users\hp\source\repos\Blod bank system\Blod bank system\Source.cpp(269,18): warning C4129: ' ': unrecognized character escape sequence
C:\Users\hp\source\repos\Blod bank system\Blod bank system\Source.cpp(271,18): warning C4129: ' ': unrecognized character escape sequence
C:\Users\hp\source\repos\Blod bank system\Blod bank system\Source.cpp(279,21): warning C4129: 's': unrecognized character escape sequence
C:\Users\hp\source\repos\Blod bank system\Blod bank system\Source.cpp(280,19): warning C4129: ' ': unrecognized character escape sequence
C:\Users\hp\source\repos\Blod bank system\Blod bank system\Source.cpp(281,19): warning C4129: ' ': unrecognized character escape sequence
C:\Users\hp\source\repos\Blod bank system\Blod bank system\Source.cpp(282,19): warning C4129: ' ': unrecognized character escape sequence
C:\Users\hp\source\repos\Blod bank system\Blod bank system\Source.cpp(308,21): warning C4129: ' ': unrecognized character escape sequence
C:\Users\hp\source\repos\Blod bank system\Blod bank system\Source.cpp(309,21): warning C4129: ' ': unrecognized character escape sequence
C:\Users\hp\source\repos\Blod bank system\Blod bank system\Source.cpp(317,22): warning C4129: 'y': unrecognized character escape sequence
C:\Users\hp\source\repos\Blod bank system\Blod bank system\Source.cpp(318,22): warning C4129: ' ': unrecognized character escape sequence
C:\Users\hp\source\repos\Blod bank system\Blod bank system\Source.cpp(399,17): warning C4129: ' ': unrecognized character escape sequence
C:\Users\hp\source\repos\Blod bank system\Blod bank system\Source.cpp(401,17): warning C4129: ' ': unrecognized character escape sequence
C:\Users\hp\source\repos\Blod bank system\Blod bank system\Source.cpp(415,18): warning C4129: 's': unrecognized character escape sequence
C:\Users\hp\source\repos\Blod bank system\Blod bank system\Source.cpp(416,18): warning C4129: 's': unrecognized character escape sequence
C:\Users\hp\source\repos\Blod bank system\Blod bank system\Source.cpp(417,18): warning C4129: ' ': unrecognized character escape sequence
C:\Users\hp\source\repos\Blod bank system\Blod bank system\Source.cpp(418,18): warning C4129: 'T': unrecognized character escape sequence
C:\Users\hp\source\repos\Blod bank system\Blod bank system\Source.cpp(419,18): warning C4129: ' ': unrecognized character escape sequence
C:\Users\hp\source\repos\Blod bank system\Blod bank system\Source.cpp(420,18): warning C4129: ' ': unrecognized character escape sequence
C:\Users\hp\source\repos\Blod bank system\Blod bank system\Source.cpp(438,19): warning C4129: ' ': unrecognized character escape sequence
C:\Users\hp\source\repos\Blod bank system\Blod bank system\Source.cpp(439,19): warning C4129: ' ': unrecognized character escape sequence
C:\Users\hp\source\repos\Blod bank system\Blod bank system\Source.cpp(464,19): warning C4129: ' ': unrecognized character escape sequence
C:\Users\hp\source\repos\Blod bank system\Blod bank system\Source.cpp(465,19): warning C4129: ' ': unrecognized character escape sequence
C:\Users\hp\source\repos\Blod bank system\Blod bank system\Source.cpp(490,19): warning C4129: ' ': unrecognized character escape sequence
C:\Users\hp\source\repos\Blod bank system\Blod bank system\Source.cpp(491,19): warning C4129: ' ': unrecognized character escape sequence
  Donar.cpp
C:\Users\hp\source\repos\Blod bank system\Blod bank system\Donar.cpp(83,10): warning C4129: ' ': unrecognized character escape sequence
C:\Users\hp\source\repos\Blod bank system\Blod bank system\Donar.cpp(84,10): warning C4129: ' ': unrecognized character escape sequence
C:\Users\hp\source\repos\Blod bank system\Blod bank system\Donar.cpp(85,10): warning C4129: ' ': unrecognized character escape sequence
C:\Users\hp\source\repos\Blod bank system\Blod bank system\Donar.cpp(86,10): warning C4129: ' ': unrecognized character escape sequence
C:\Users\hp\source\repos\Blod bank system\Blod bank system\Donar.cpp(87,10): warning C4129: ' ': unrecognized character escape sequence
C:\Users\hp\source\repos\Blod bank system\Blod bank system\Donar.cpp(88,10): warning C4129: ' ': unrecognized character escape sequence
C:\Users\hp\source\repos\Blod bank system\Blod bank system\Donar.cpp(89,10): warning C4129: ' ': unrecognized character escape sequence
  recip.cpp
C:\Users\hp\source\repos\Blod bank system\Blod bank system\recip.cpp(66,10): warning C4129: ' ': unrecognized character escape sequence
C:\Users\hp\source\repos\Blod bank system\Blod bank system\recip.cpp(67,10): warning C4129: ' ': unrecognized character escape sequence
C:\Users\hp\source\repos\Blod bank system\Blod bank system\recip.cpp(68,10): warning C4129: ' ': unrecognized character escape sequence
C:\Users\hp\source\repos\Blod bank system\Blod bank system\recip.cpp(69,10): warning C4129: ' ': unrecognized character escape sequence
C:\Users\hp\source\repos\Blod bank system\Blod bank system\recip.cpp(70,10): warning C4129: ' ': unrecognized character escape sequence
C:\Users\hp\source\repos\Blod bank system\Blod bank system\recip.cpp(71,10): warning C4129: ' ': unrecognized character escape sequence
C:\Users\hp\source\repos\Blod bank system\Blod bank system\recip.cpp(72,10): warning C4129: ' ': unrecognized character escape sequence
C:\Users\hp\source\repos\Blod bank system\Blod bank system\recip.cpp(73,10): warning C4129: ' ': unrecognized character escape sequence
C:\Users\hp\source\repos\Blod bank system\Blod bank system\recip.cpp(74,10): warning C4129: ' ': unrecognized character escape sequence
  Generating Code...
  Blod bank system.vcxproj -> C:\Users\hp\source\repos\Blod bank system\Debug\Blod bank system.exe
